53
529 928
11 143
121 474
228 764
350 841
555 921
715 708
491 743
829 732
551 432
723 796
965 586
624 219
149 340
451 846
856 987
856 567
793 235
237 29
60 932
570 795
601 467
280 301
178 276
12 739
281 996
429 567
335 793
756 652
619 444
370 315
456 393
368 211
373 229
925 305
327 84
729 846
873 956
926 763
919 421
586 226
123 862
802 929
324 198
426 540
689 865
927 709
651 403
505 336
915 777
902 97
750 43
42 11
11
11 143
12 739
60 932
281 996
856 987
873 956
926 763
965 586
902 97
750 43
42 11
